<?xml version="1.0" encoding="UTF-8"?>
<!-- Generated by org.testng.reporters.JUnitXMLReporter -->
<testsuite hostname="Rahul-PC" ignored="0" name="Default test" tests="10" failures="0" timestamp="20 May 2020 15:16:26 GMT" time="0.077" errors="0">
  <testcase name="googletest" time="0.014" classname="TestNGSessions.InvocationCount"/>
  <testcase name="googletest" time="0.002" classname="TestNGSessions.InvocationCount"/>
  <testcase name="googletest" time="0.001" classname="TestNGSessions.InvocationCount"/>
  <testcase name="googletest" time="0.001" classname="TestNGSessions.InvocationCount"/>
  <testcase name="googletest" time="0.001" classname="TestNGSessions.InvocationCount"/>
  <testcase name="googletest" time="0.002" classname="TestNGSessions.InvocationCount"/>
  <testcase name="googletest" time="0.001" classname="TestNGSessions.InvocationCount"/>
  <testcase name="googletest" time="0.001" classname="TestNGSessions.InvocationCount"/>
  <testcase name="googletest" time="0.001" classname="TestNGSessions.InvocationCount"/>
  <testcase name="googletest" time="0.002" classname="TestNGSessions.InvocationCount"/>
</testsuite> <!-- Default test -->
